<?xml version="1.0" encoding="UTF-8"?>
<!-- Generated by org.testng.reporters.JUnitXMLReporter -->
<testsuite ignored="1" hostname="DESKTOP-U15TEL8" failures="1" tests="10" name="Surefire test" time="24.747" errors="0" timestamp="2021-08-12T15:39:18 CEST">
  <testcase classname="com.qa.qatask.testCASES.DashboardTest" name="verifycloseportal" time="0.655"/>
  <testcase classname="com.qa.qatask.testCASES.DashboardTest" name="verifyTitle" time="0.009"/>
  <testcase classname="com.qa.qatask.testCASES.DashboardTest" name="verifyacceptCookies" time="0.506"/>
  <testcase classname="com.qa.qatask.testCASES.DashboardTest" name="verifySearch" time="0.144"/>
  <testcase classname="com.qa.qatask.testCASES.DashboardTest" name="verifyclickNike" time="3.088"/>
  <testcase classname="com.qa.qatask.testCASES.DashboardTest" name="verifyNikeTextPresent" time="0.575"/>
  <testcase classname="com.qa.qatask.testCASES.DashboardTest" name="verifselectWomenShoes" time="3.362"/>
  <testcase classname="com.qa.qatask.testCASES.DashboardTest" name="verifclearFilter" time="5.343"/>
  <testcase classname="com.qa.qatask.testCASES.DashboardTest" name="verifsorByPrice" time="0.668"/>
  <testcase classname="com.qa.qatask.testCASES.DashboardTest" name="verifyIsSortedByPrice" time="0.044">
    <failure type="java.lang.NumberFormatException" message="For input string: &amp;quot;£5.00&amp;quot;">
      <![CDATA[java.lang.NumberFormatException: For input string: "£5.00"
at java.base/java.lang.NumberFormatException.forInputString(NumberFormatException.java:67)
at java.base/java.lang.Integer.parseInt(Integer.java:660)
at java.base/java.lang.Integer.parseInt(Integer.java:778)
at com.qa.qatask.pages.Dashboard.isSortedByPrice(Dashboard.java:141)
at com.qa.qatask.testCASES.DashboardTest.verifyIsSortedByPrice(DashboardTest.java:103)
at java.base/java.util.ArrayList.forEach(ArrayList.java:1511)
... Removed 32 stack frames]]>
    </failure>
  </testcase> <!-- verifyIsSortedByPrice -->
  <testcase classname="com.qa.qatask.testCASES.DashboardTest" name="verifyPortal" time="0.0">
    <ignored/>
  </testcase> <!-- verifyPortal -->
</testsuite> <!-- Surefire test -->
