<?xml version="1.0" encoding="UTF-8"?>
<!-- Generated by org.testng.reporters.JUnitXMLReporter -->
<testsuite ignored="1" hostname="DESKTOP-U15TEL8" failures="1" tests="10" name="Surefire test" time="24.387" errors="0" timestamp="2021-08-13T20:07:25 CEST">
  <testcase classname="com.qa.qatask.testCASES.DashboardTest" name="verifycloseportal" time="0.332"/>
  <testcase classname="com.qa.qatask.testCASES.DashboardTest" name="verifyTitle" time="0.0"/>
  <testcase classname="com.qa.qatask.testCASES.DashboardTest" name="verifyacceptCookies" time="0.353"/>
  <testcase classname="com.qa.qatask.testCASES.DashboardTest" name="verifySearch" time="0.1"/>
  <testcase classname="com.qa.qatask.testCASES.DashboardTest" name="verifyclickNike" time="3.377"/>
  <testcase classname="com.qa.qatask.testCASES.DashboardTest" name="verifyNikeTextPresent" time="0.71"/>
  <testcase classname="com.qa.qatask.testCASES.DashboardTest" name="verifselectWomenShoes" time="3.394"/>
  <testcase classname="com.qa.qatask.testCASES.DashboardTest" name="verifclearFilter" time="5.342"/>
  <testcase classname="com.qa.qatask.testCASES.DashboardTest" name="verifsorByPrice" time="0.694"/>
  <testcase classname="com.qa.qatask.testCASES.DashboardTest" name="verifyIsSortedByPrice" time="0.174">
    <failure type="java.lang.NumberFormatException" message="For input string: &amp;quot;£130.00&amp;quot;">
      <![CDATA[java.lang.NumberFormatException: For input string: "£130.00"
at java.base/java.lang.NumberFormatException.forInputString(NumberFormatException.java:67)
at java.base/java.lang.Integer.parseInt(Integer.java:660)
at java.base/java.lang.Integer.parseInt(Integer.java:778)
at com.qa.qatask.pages.Dashboard.isSortedByPrice(Dashboard.java:138)
at com.qa.qatask.testCASES.DashboardTest.verifyIsSortedByPrice(DashboardTest.java:103)
at java.base/java.util.ArrayList.forEach(ArrayList.java:1511)
... Removed 32 stack frames]]>
    </failure>
  </testcase> <!-- verifyIsSortedByPrice -->
  <testcase classname="com.qa.qatask.testCASES.DashboardTest" name="verifyPortal" time="0.0">
    <ignored/>
  </testcase> <!-- verifyPortal -->
</testsuite> <!-- Surefire test -->
