-------------------------------------------------------------------------------
Test set: TestSuite
-------------------------------------------------------------------------------
Tests run: 12, Failures: 1, Errors: 0, Skipped: 0, Time elapsed: 37.12 s <<< FAILURE! - in TestSuite
verify_itemsWithInpriceRangeData(com.qa.qatask.testCASES.DashboardTest)  Time elapsed: 5.513 s  <<< FAILURE!
java.lang.AssertionError: expected [true] but found [false]
	at com.qa.qatask.testCASES.DashboardTest.verify_itemsWithInpriceRangeData(DashboardTest.java:130)

