<?xml version="1.0" encoding="UTF-8"?>
<testsuite xmlns:xsi="http://www.w3.org/2001/XMLSchema-instance" xsi:noNamespaceSchemaLocation="https://maven.apache.org/surefire/maven-surefire-plugin/xsd/surefire-test-report.xsd" name="TestSuite" time="103.631" tests="26" errors="0" skipped="0" failures="4">
  <properties>
[...]
</properties>
  <testcase name="verify_closeportal" classname="com.qa.qatask.testCASES.DashboardTest" time="0.761"/>
  <testcase name="verify_closeportal" classname="com.qa.qatask.testCASES.DashboardTest" time="0.823"/>
  <testcase name="verify_Title" classname="com.qa.qatask.testCASES.DashboardTest" time="0.009"/>
  <testcase name="verify_Title" classname="com.qa.qatask.testCASES.DashboardTest" time="0.007"/>
  <testcase name="verify_acceptCookies" classname="com.qa.qatask.testCASES.DashboardTest" time="0.574"/>
  <testcase name="verify_acceptCookies" classname="com.qa.qatask.testCASES.DashboardTest" time="0.588"/>
  <testcase name="verify_search" classname="com.qa.qatask.testCASES.DashboardTest" time="0.145"/>
  <testcase name="verify_search" classname="com.qa.qatask.testCASES.DashboardTest" time="0.168"/>
  <testcase name="verify_clickNike" classname="com.qa.qatask.testCASES.DashboardTest" time="4.155"/>
  <testcase name="verify_clickNike" classname="com.qa.qatask.testCASES.DashboardTest" time="4.101"/>
  <testcase name="verify_isNikeTextPresent" classname="com.qa.qatask.testCASES.DashboardTest" time="1.254"/>
  <testcase name="verify_isNikeTextPresent" classname="com.qa.qatask.testCASES.DashboardTest" time="0.691"/>
  <testcase name="verify_selectWomenShoes" classname="com.qa.qatask.testCASES.DashboardTest" time="7.002"/>
  <testcase name="verify_selectWomenShoes" classname="com.qa.qatask.testCASES.DashboardTest" time="9.342"/>
  <testcase name="verify_clearFilter" classname="com.qa.qatask.testCASES.DashboardTest" time="5.726"/>
  <testcase name="verify_clearFilter" classname="com.qa.qatask.testCASES.DashboardTest" time="5.474"/>
  <testcase name="verify_sortByPriceClick" classname="com.qa.qatask.testCASES.DashboardTest" time="1.484"/>
  <testcase name="verify_sortByPriceClick" classname="com.qa.qatask.testCASES.DashboardTest" time="1.353"/>
  <testcase name="verify_isSortedByLowToHigh" classname="com.qa.qatask.testCASES.DashboardTest" time="5.664">
    <failure message="Not in ascending order" type="java.lang.AssertionError">java.lang.AssertionError: Not in ascending order
	at com.qa.qatask.testCASES.DashboardTest.verify_isSortedByLowToHigh(DashboardTest.java:118)
</failure>
    <system-out><![CDATA[I am in onTestSuccess method verify_sortByPriceClick succeed
I am in onTestStart method verify_isSortedByLowToHigh start
I am in onTestStart method verify_isSortedByLowToHigh start
value ---price low to high--1000.00
value ---price low to high--1000.00
value ---price low to high--1000.00
value ---price low to high--1000.00
value ---price low to high--1000.00
value ---price low to high--1000.00
value ---price low to high--1000.00
value ---price low to high--1000.00
value ---price low to high--1.00
value ---price low to high--7.50
value ---price low to high--3.00
value ---price low to high--7.50
value ---price low to high--2.00
value ---price low to high--1000.00
value ---price low to high--1000.00
value ---price low to high--1000.00
value ---price low to high--1000.00
value ---price low to high--1000.00
value ---price low to high--1000.00
value ---price low to high--1000.00
value ---price low to high--1000.00
value ---price low to high--1000.00
value ---price low to high--1000.00
value ---price low to high--1000.00
value ---price low to high--1000.00
value ---price low to high--1000.00
value ---price low to high--1000.00
I am in onTestFailure method verify_isSortedByLowToHigh failed
Screenshot captured for test case:verify_isSortedByLowToHigh
]]></system-out>
  </testcase>
  <testcase name="verify_isSortedByLowToHigh" classname="com.qa.qatask.testCASES.DashboardTest" time="5.431">
    <failure message="Not in ascending order" type="java.lang.AssertionError">java.lang.AssertionError: Not in ascending order
	at com.qa.qatask.testCASES.DashboardTest.verify_isSortedByLowToHigh(DashboardTest.java:118)
</failure>
    <system-out><![CDATA[I am in onTestSuccess method verify_sortByPriceClick succeed
I am in onTestStart method verify_isSortedByLowToHigh start
I am in onTestStart method verify_isSortedByLowToHigh start
value ---price low to high--1000.00
value ---price low to high--1000.00
value ---price low to high--1000.00
value ---price low to high--1000.00
value ---price low to high--1000.00
value ---price low to high--1000.00
value ---price low to high--1000.00
value ---price low to high--1000.00
value ---price low to high--10.00
value ---price low to high--25.00
value ---price low to high--10.00
value ---price low to high--3.00
value ---price low to high--2.00
value ---price low to high--1000.00
value ---price low to high--1000.00
value ---price low to high--1000.00
value ---price low to high--1000.00
value ---price low to high--1000.00
value ---price low to high--1000.00
value ---price low to high--1000.00
value ---price low to high--1000.00
value ---price low to high--1000.00
value ---price low to high--1000.00
value ---price low to high--1000.00
value ---price low to high--1000.00
value ---price low to high--1000.00
value ---price low to high--1000.00
I am in onTestFailure method verify_isSortedByLowToHigh failed
Screenshot captured for test case:verify_isSortedByLowToHigh
]]></system-out>
  </testcase>
  <testcase name="verify_clickPrice" classname="com.qa.qatask.testCASES.DashboardTest" time="0.303"/>
  <testcase name="verify_clickPrice" classname="com.qa.qatask.testCASES.DashboardTest" time="0.266"/>
  <testcase name="verify_selectPriceRange" classname="com.qa.qatask.testCASES.DashboardTest" time="0.229"/>
  <testcase name="verify_selectPriceRange" classname="com.qa.qatask.testCASES.DashboardTest" time="0.158"/>
  <testcase name="verify_itemsWithInpriceRangeData" classname="com.qa.qatask.testCASES.DashboardTest" time="5.713">
    <failure message="expected [true] but found [false]" type="java.lang.AssertionError">java.lang.AssertionError: expected [true] but found [false]
	at com.qa.qatask.testCASES.DashboardTest.verify_itemsWithInpriceRangeData(DashboardTest.java:140)
</failure>
    <system-out><![CDATA[I am in onTestSuccess method verify_selectPriceRange succeed
I am in onTestStart method verify_itemsWithInpriceRangeData start
I am in onTestStart method verify_itemsWithInpriceRangeData start
value ---price range--10.00
value ---price range--10.00
value ---price range--10.00
value ---price range--10.00
value ---price range--10.00
value ---price range--10.00
value ---price range--10.00
value ---price range--10.00
value ---price range--5.00
value ---price range--4.00
value ---price range--4.00
value ---price range--3.00
value ---price range--8.00
value ---price range--10.00
value ---price range--10.00
value ---price range--10.00
value ---price range--10.00
value ---price range--10.00
value ---price range--10.00
value ---price range--10.00
value ---price range--10.00
value ---price range--10.00
value ---price range--10.00
value ---price range--10.00
value ---price range--10.00
value ---price range--10.00
value ---price range--10.00
value ---price range--10.00
value ---price range--10.00
verifyIfResultTrue ----false
I am in onTestFailure method verify_itemsWithInpriceRangeData failed
Screenshot captured for test case:verify_itemsWithInpriceRangeData
]]></system-out>
  </testcase>
  <testcase name="verify_itemsWithInpriceRangeData" classname="com.qa.qatask.testCASES.DashboardTest" time="5.71">
    <failure message="expected [true] but found [false]" type="java.lang.AssertionError">java.lang.AssertionError: expected [true] but found [false]
	at com.qa.qatask.testCASES.DashboardTest.verify_itemsWithInpriceRangeData(DashboardTest.java:140)
</failure>
    <system-out><![CDATA[I am in onTestSuccess method verify_selectPriceRange succeed
I am in onTestStart method verify_itemsWithInpriceRangeData start
I am in onTestStart method verify_itemsWithInpriceRangeData start
value ---price range--10.00
value ---price range--10.00
value ---price range--10.00
value ---price range--10.00
value ---price range--10.00
value ---price range--10.00
value ---price range--10.00
value ---price range--10.00
value ---price range--6.50
value ---price range--6.50
value ---price range--15.00
value ---price range--5.50
value ---price range--5.50
value ---price range--10.00
value ---price range--10.00
value ---price range--10.00
value ---price range--10.00
value ---price range--10.00
value ---price range--10.00
value ---price range--10.00
value ---price range--10.00
value ---price range--10.00
value ---price range--10.00
value ---price range--10.00
value ---price range--10.00
value ---price range--10.00
value ---price range--10.00
value ---price range--10.00
value ---price range--10.00
verifyIfResultTrue ----false
I am in onTestFailure method verify_itemsWithInpriceRangeData failed
Screenshot captured for test case:verify_itemsWithInpriceRangeData
]]></system-out>
  </testcase>
</testsuite>