-------------------------------------------------------------------------------
Test set: TestSuite
-------------------------------------------------------------------------------
Tests run: 10, Failures: 1, Errors: 0, Skipped: 0, Time elapsed: 27.206 s <<< FAILURE! - in TestSuite
verifyIsSortedByPrice(com.qa.qatask.testCASES.DashboardTest)  Time elapsed: 0.048 s  <<< FAILURE!
java.lang.NumberFormatException: For input string: "£5.00"
	at com.qa.qatask.testCASES.DashboardTest.verifyIsSortedByPrice(DashboardTest.java:103)

