<?xml version="1.0" encoding="UTF-8"?>
<testng-results ignored="1" total="13" passed="12" failed="0" skipped="0">
  <reporter-output>
  </reporter-output>
  <suite started-at="2021-08-15T20:17:41 CEST" name="Functional Test Suite" finished-at="2021-08-15T20:18:24 CEST" duration-ms="43359">
    <groups>
    </groups>
    <test started-at="2021-08-15T20:17:41 CEST" name="QA Task Vinted" finished-at="2021-08-15T20:18:24 CEST" duration-ms="43359">
      <class name="com.qa.qatask.testCASES.DashboardTest">
        <test-method is-config="true" signature="setUp()[pri:0, instance:com.qa.qatask.testCASES.DashboardTest@27e32fe4]" started-at="2021-08-15T20:17:41 CEST" name="setUp" finished-at="2021-08-15T20:17:56 CEST" duration-ms="14654" status="PASS">
          <reporter-output>
          </reporter-output>
        </test-method> <!-- setUp -->
        <test-method signature="verifycloseportal()[pri:1, instance:com.qa.qatask.testCASES.DashboardTest@27e32fe4]" started-at="2021-08-15T20:17:56 CEST" name="verifycloseportal" description="close portal" finished-at="2021-08-15T20:17:57 CEST" duration-ms="1168" status="PASS">
          <reporter-output>
          </reporter-output>
        </test-method> <!-- verifycloseportal -->
        <test-method signature="verifyTitle()[pri:3, instance:com.qa.qatask.testCASES.DashboardTest@27e32fe4]" started-at="2021-08-15T20:17:57 CEST" name="verifyTitle" description="verify title page test -- warm up test" finished-at="2021-08-15T20:17:57 CEST" duration-ms="11" status="PASS">
          <reporter-output>
          </reporter-output>
        </test-method> <!-- verifyTitle -->
        <test-method signature="verifyacceptCookies()[pri:4, instance:com.qa.qatask.testCASES.DashboardTest@27e32fe4]" started-at="2021-08-15T20:17:57 CEST" name="verifyacceptCookies" description="verify accept cookies" finished-at="2021-08-15T20:17:58 CEST" duration-ms="669" status="PASS">
          <reporter-output>
          </reporter-output>
        </test-method> <!-- verifyacceptCookies -->
        <test-method signature="verifySearch()[pri:5, instance:com.qa.qatask.testCASES.DashboardTest@27e32fe4]" started-at="2021-08-15T20:17:58 CEST" name="verifySearch" description="verify search input field contains string &#039;Nik&#039;" finished-at="2021-08-15T20:17:58 CEST" duration-ms="230" status="PASS">
          <reporter-output>
          </reporter-output>
        </test-method> <!-- verifySearch -->
        <test-method signature="verifyclickNike()[pri:6, instance:com.qa.qatask.testCASES.DashboardTest@27e32fe4]" started-at="2021-08-15T20:17:58 CEST" name="verifyclickNike" description="verify Nike text is clicked from options available list" finished-at="2021-08-15T20:18:02 CEST" duration-ms="4482" status="PASS">
          <reporter-output>
          </reporter-output>
        </test-method> <!-- verifyclickNike -->
        <test-method signature="verifyNikeTextPresent()[pri:7, instance:com.qa.qatask.testCASES.DashboardTest@27e32fe4]" started-at="2021-08-15T20:18:02 CEST" name="verifyNikeTextPresent" description="verify Text is present on page with Nike" finished-at="2021-08-15T20:18:03 CEST" duration-ms="1068" status="PASS">
          <reporter-output>
          </reporter-output>
        </test-method> <!-- verifyNikeTextPresent -->
        <test-method signature="verifselectWomenShoes()[pri:8, instance:com.qa.qatask.testCASES.DashboardTest@27e32fe4]" started-at="2021-08-15T20:18:03 CEST" name="verifselectWomenShoes" description="Assert that “Nike” filter appeared below the filter menu" finished-at="2021-08-15T20:18:09 CEST" duration-ms="5129" status="PASS">
          <reporter-output>
          </reporter-output>
        </test-method> <!-- verifselectWomenShoes -->
        <test-method signature="verifyclearFilter()[pri:9, instance:com.qa.qatask.testCASES.DashboardTest@27e32fe4]" started-at="2021-08-15T20:18:09 CEST" name="verifyclearFilter" description="clear all filters" finished-at="2021-08-15T20:18:14 CEST" duration-ms="5806" status="PASS">
          <reporter-output>
          </reporter-output>
        </test-method> <!-- verifyclearFilter -->
        <test-method signature="verifysortByPrice()[pri:10, instance:com.qa.qatask.testCASES.DashboardTest@27e32fe4]" started-at="2021-08-15T20:18:14 CEST" name="verifysortByPrice" description="clear all filters" finished-at="2021-08-15T20:18:16 CEST" duration-ms="1820" status="PASS">
          <reporter-output>
          </reporter-output>
        </test-method> <!-- verifysortByPrice -->
        <test-method signature="verifyselectPrice()[pri:11, instance:com.qa.qatask.testCASES.DashboardTest@27e32fe4]" started-at="2021-08-15T20:18:16 CEST" name="verifyselectPrice" description="click on price dropdown" finished-at="2021-08-15T20:18:17 CEST" duration-ms="1165" status="PASS">
          <reporter-output>
          </reporter-output>
        </test-method> <!-- verifyselectPrice -->
        <test-method signature="verifyselectPriceRange()[pri:12, instance:com.qa.qatask.testCASES.DashboardTest@27e32fe4]" started-at="2021-08-15T20:18:17 CEST" name="verifyselectPriceRange" description="select price range" finished-at="2021-08-15T20:18:18 CEST" duration-ms="224" status="PASS">
          <reporter-output>
          </reporter-output>
        </test-method> <!-- verifyselectPriceRange -->
        <test-method signature="verifyitemsWithInpriceRangeData()[pri:13, instance:com.qa.qatask.testCASES.DashboardTest@27e32fe4]" started-at="2021-08-15T20:18:18 CEST" name="verifyitemsWithInpriceRangeData" description="select price range" finished-at="2021-08-15T20:18:24 CEST" duration-ms="6266" status="PASS">
          <reporter-output>
          </reporter-output>
        </test-method> <!-- verifyitemsWithInpriceRangeData -->
      </class> <!-- com.qa.qatask.testCASES.DashboardTest -->
    </test> <!-- QA Task Vinted -->
  </suite> <!-- Functional Test Suite -->
</testng-results>
