<?xml version="1.0" encoding="UTF-8"?>
<testng-results ignored="1" total="13" passed="12" failed="0" skipped="0">
  <reporter-output>
  </reporter-output>
  <suite started-at="2021-08-16T11:54:40 CEST" name="Functional Test Suite" finished-at="2021-08-16T11:55:16 CEST" duration-ms="36236">
    <groups>
    </groups>
    <test started-at="2021-08-16T11:54:40 CEST" name="QA Task Vinted" finished-at="2021-08-16T11:55:16 CEST" duration-ms="36236">
      <class name="com.qa.qatask.testCASES.DashboardTest">
        <test-method is-config="true" signature="setUp()[pri:0, instance:com.qa.qatask.testCASES.DashboardTest@5d05ef57]" started-at="2021-08-16T11:54:40 CEST" name="setUp" finished-at="2021-08-16T11:54:54 CEST" duration-ms="13181" status="PASS">
          <reporter-output>
          </reporter-output>
        </test-method> <!-- setUp -->
        <test-method signature="verify_closeportal()[pri:1, instance:com.qa.qatask.testCASES.DashboardTest@5d05ef57]" started-at="2021-08-16T11:54:54 CEST" name="verify_closeportal" description="close portal" finished-at="2021-08-16T11:54:55 CEST" duration-ms="838" status="PASS">
          <reporter-output>
          </reporter-output>
        </test-method> <!-- verify_closeportal -->
        <test-method signature="verify_Title()[pri:3, instance:com.qa.qatask.testCASES.DashboardTest@5d05ef57]" started-at="2021-08-16T11:54:55 CEST" name="verify_Title" description="verify title page test -- warm up test" finished-at="2021-08-16T11:54:55 CEST" duration-ms="11" status="PASS">
          <reporter-output>
          </reporter-output>
        </test-method> <!-- verify_Title -->
        <test-method signature="verify_acceptCookies()[pri:4, instance:com.qa.qatask.testCASES.DashboardTest@5d05ef57]" started-at="2021-08-16T11:54:55 CEST" name="verify_acceptCookies" description="verify accept cookies" finished-at="2021-08-16T11:54:55 CEST" duration-ms="399" status="PASS">
          <reporter-output>
          </reporter-output>
        </test-method> <!-- verify_acceptCookies -->
        <test-method signature="verify_search()[pri:5, instance:com.qa.qatask.testCASES.DashboardTest@5d05ef57]" started-at="2021-08-16T11:54:55 CEST" name="verify_search" description="verify search input field contains string &#039;Nik&#039;" finished-at="2021-08-16T11:54:55 CEST" duration-ms="249" status="PASS">
          <reporter-output>
          </reporter-output>
        </test-method> <!-- verify_search -->
        <test-method signature="verify_clickNike()[pri:6, instance:com.qa.qatask.testCASES.DashboardTest@5d05ef57]" started-at="2021-08-16T11:54:55 CEST" name="verify_clickNike" description="verify Nike text is clicked from options available list" finished-at="2021-08-16T11:54:59 CEST" duration-ms="3252" status="PASS">
          <reporter-output>
          </reporter-output>
        </test-method> <!-- verify_clickNike -->
        <test-method signature="verify_isNikeTextPresent()[pri:7, instance:com.qa.qatask.testCASES.DashboardTest@5d05ef57]" started-at="2021-08-16T11:54:59 CEST" name="verify_isNikeTextPresent" description="verify Text is present on page with Nike" finished-at="2021-08-16T11:54:59 CEST" duration-ms="628" status="PASS">
          <reporter-output>
          </reporter-output>
        </test-method> <!-- verify_isNikeTextPresent -->
        <test-method signature="verify_selectWomenShoes()[pri:8, instance:com.qa.qatask.testCASES.DashboardTest@5d05ef57]" started-at="2021-08-16T11:54:59 CEST" name="verify_selectWomenShoes" description="Assert that “Nike” filter appeared below the filter menu" finished-at="2021-08-16T11:55:03 CEST" duration-ms="3376" status="PASS">
          <reporter-output>
          </reporter-output>
        </test-method> <!-- verify_selectWomenShoes -->
        <test-method signature="verify_clearFilter()[pri:9, instance:com.qa.qatask.testCASES.DashboardTest@5d05ef57]" started-at="2021-08-16T11:55:03 CEST" name="verify_clearFilter" description="clear all filters" finished-at="2021-08-16T11:55:08 CEST" duration-ms="5373" status="PASS">
          <reporter-output>
          </reporter-output>
        </test-method> <!-- verify_clearFilter -->
        <test-method signature="verify_sortByPriceClick()[pri:10, instance:com.qa.qatask.testCASES.DashboardTest@5d05ef57]" started-at="2021-08-16T11:55:08 CEST" name="verify_sortByPriceClick" description="clear all filters" finished-at="2021-08-16T11:55:09 CEST" duration-ms="689" status="PASS">
          <reporter-output>
          </reporter-output>
        </test-method> <!-- verify_sortByPriceClick -->
        <test-method signature="verify_selectPrice()[pri:11, instance:com.qa.qatask.testCASES.DashboardTest@5d05ef57]" started-at="2021-08-16T11:55:09 CEST" name="verify_selectPrice" description="click on price dropdown" finished-at="2021-08-16T11:55:09 CEST" duration-ms="349" status="PASS">
          <reporter-output>
          </reporter-output>
        </test-method> <!-- verify_selectPrice -->
        <test-method signature="verify_selectPriceRange()[pri:12, instance:com.qa.qatask.testCASES.DashboardTest@5d05ef57]" started-at="2021-08-16T11:55:09 CEST" name="verify_selectPriceRange" description="select price range" finished-at="2021-08-16T11:55:09 CEST" duration-ms="190" status="PASS">
          <reporter-output>
          </reporter-output>
        </test-method> <!-- verify_selectPriceRange -->
        <test-method signature="verify_itemsWithInpriceRangeData()[pri:13, instance:com.qa.qatask.testCASES.DashboardTest@5d05ef57]" started-at="2021-08-16T11:55:09 CEST" name="verify_itemsWithInpriceRangeData" description="select price range" finished-at="2021-08-16T11:55:15 CEST" duration-ms="5818" status="PASS">
          <reporter-output>
          </reporter-output>
        </test-method> <!-- verify_itemsWithInpriceRangeData -->
        <test-method is-config="true" signature="quitBrowserTest()[pri:0, instance:com.qa.qatask.testCASES.DashboardTest@5d05ef57]" started-at="2021-08-16T11:55:15 CEST" name="quitBrowserTest" finished-at="2021-08-16T11:55:16 CEST" duration-ms="1464" status="PASS">
          <reporter-output>
          </reporter-output>
        </test-method> <!-- quitBrowserTest -->
      </class> <!-- com.qa.qatask.testCASES.DashboardTest -->
    </test> <!-- QA Task Vinted -->
  </suite> <!-- Functional Test Suite -->
</testng-results>
