<?xml version="1.0" encoding="UTF-8"?>
<testsuite xmlns:xsi="http://www.w3.org/2001/XMLSchema-instance" xsi:noNamespaceSchemaLocation="https://maven.apache.org/surefire/maven-surefire-plugin/xsd/surefire-test-report.xsd" name="TestSuite" time="38.501" tests="12" errors="0" skipped="0" failures="0">
  <properties>
[...]
</properties>
  <testcase name="verify_closeportal" classname="com.qa.qatask.testCASES.DashboardTest" time="0.83"/>
  <testcase name="verify_Title" classname="com.qa.qatask.testCASES.DashboardTest" time="0.018"/>
  <testcase name="verify_acceptCookies" classname="com.qa.qatask.testCASES.DashboardTest" time="0.4"/>
  <testcase name="verify_search" classname="com.qa.qatask.testCASES.DashboardTest" time="0.248"/>
  <testcase name="verify_clickNike" classname="com.qa.qatask.testCASES.DashboardTest" time="3.251"/>
  <testcase name="verify_isNikeTextPresent" classname="com.qa.qatask.testCASES.DashboardTest" time="0.629"/>
  <testcase name="verify_selectWomenShoes" classname="com.qa.qatask.testCASES.DashboardTest" time="3.375"/>
  <testcase name="verify_clearFilter" classname="com.qa.qatask.testCASES.DashboardTest" time="5.374"/>
  <testcase name="verify_sortByPriceClick" classname="com.qa.qatask.testCASES.DashboardTest" time="0.688"/>
  <testcase name="verify_selectPrice" classname="com.qa.qatask.testCASES.DashboardTest" time="0.349"/>
  <testcase name="verify_selectPriceRange" classname="com.qa.qatask.testCASES.DashboardTest" time="0.186"/>
  <testcase name="verify_itemsWithInpriceRangeData" classname="com.qa.qatask.testCASES.DashboardTest" time="5.818"/>
</testsuite>