<?xml version="1.0" encoding="UTF-8"?>
<!-- Generated by org.testng.reporters.JUnitXMLReporter -->
<testsuite ignored="1" hostname="DESKTOP-U15TEL8" failures="0" tests="12" name="QA Task Vinted" time="35.015" errors="0" timestamp="2021-08-16T11:37:15 CEST">
  <testcase classname="com.qa.qatask.testCASES.DashboardTest" name="verifycloseportal" time="0.425"/>
  <testcase classname="com.qa.qatask.testCASES.DashboardTest" name="verifyTitle" time="0.014"/>
  <testcase classname="com.qa.qatask.testCASES.DashboardTest" name="verifyacceptCookies" time="0.366"/>
  <testcase classname="com.qa.qatask.testCASES.DashboardTest" name="verifySearch" time="0.312"/>
  <testcase classname="com.qa.qatask.testCASES.DashboardTest" name="verifyclickNike" time="3.82"/>
  <testcase classname="com.qa.qatask.testCASES.DashboardTest" name="verifyNikeTextPresent" time="0.727"/>
  <testcase classname="com.qa.qatask.testCASES.DashboardTest" name="verifyselectWomenShoes" time="4.546"/>
  <testcase classname="com.qa.qatask.testCASES.DashboardTest" name="verifyclearFilter" time="5.407"/>
  <testcase classname="com.qa.qatask.testCASES.DashboardTest" name="verifysortByPrice" time="0.882"/>
  <testcase classname="com.qa.qatask.testCASES.DashboardTest" name="verifyrespones_selectPrice" time="0.27"/>
  <testcase classname="com.qa.qatask.testCASES.DashboardTest" name="verifyrespones_selectPriceRange" time="0.339"/>
  <testcase classname="com.qa.qatask.testCASES.DashboardTest" name="verifyitemsWithInpriceRangeData" time="5.576"/>
  <testcase classname="com.qa.qatask.testCASES.DashboardTest" name="verifySelectPortal" time="0.0">
    <ignored/>
  </testcase> <!-- verifySelectPortal -->
</testsuite> <!-- QA Task Vinted -->
